<?xml version="1.0" encoding="UTF-8"?>
<testng-results ignored="6" total="9" passed="3" failed="0" skipped="0">
  <reporter-output>
  </reporter-output>
  <suite started-at="2023-09-14T11:52:46 IST" name="test_suite" finished-at="2023-09-14T11:52:46 IST" duration-ms="116">
    <groups>
      <group name="SmokeTest">
        <method signature="Personal_loan.WebLoginPersonalLoan()[pri:0, instance:com.javatpoint.Personal_loan@54c562f7]" name="WebLoginPersonalLoan" class="com.javatpoint.Personal_loan"/>
        <method signature="Home_loan.MobileLoginHomeLoan()[pri:0, instance:com.javatpoint.Home_loan@63021689]" name="MobileLoginHomeLoan" class="com.javatpoint.Home_loan"/>
        <method signature="Car_loan.APILoginCarLoan()[pri:0, instance:com.javatpoint.Car_loan@e056f20]" name="APILoginCarLoan" class="com.javatpoint.Car_loan"/>
      </group> <!-- SmokeTest -->
    </groups>
    <test started-at="2023-09-14T11:52:46 IST" name="Personal Loan" finished-at="2023-09-14T11:52:46 IST" duration-ms="51">
      <class name="com.javatpoint.Personal_loan">
        <test-method signature="WebLoginPersonalLoan()[pri:0, instance:com.javatpoint.Personal_loan@54c562f7]" started-at="2023-09-14T11:52:46 IST" name="WebLoginPersonalLoan" finished-at="2023-09-14T11:52:46 IST" duration-ms="8" status="PASS">
          <reporter-output>
          </reporter-output>
        </test-method> <!-- WebLoginPersonalLoan -->
      </class> <!-- com.javatpoint.Personal_loan -->
    </test> <!-- Personal Loan -->
    <test started-at="2023-09-14T11:52:46 IST" name="Home Loan" finished-at="2023-09-14T11:52:46 IST" duration-ms="3">
      <class name="com.javatpoint.Home_loan">
        <test-method signature="MobileLoginHomeLoan()[pri:0, instance:com.javatpoint.Home_loan@63021689]" started-at="2023-09-14T11:52:46 IST" name="MobileLoginHomeLoan" finished-at="2023-09-14T11:52:46 IST" duration-ms="1" status="PASS">
          <reporter-output>
          </reporter-output>
        </test-method> <!-- MobileLoginHomeLoan -->
      </class> <!-- com.javatpoint.Home_loan -->
    </test> <!-- Home Loan -->
    <test started-at="2023-09-14T11:52:46 IST" name="Car Loan" finished-at="2023-09-14T11:52:46 IST" duration-ms="6">
      <class name="com.javatpoint.Car_loan">
        <test-method signature="APILoginCarLoan()[pri:0, instance:com.javatpoint.Car_loan@e056f20]" started-at="2023-09-14T11:52:46 IST" name="APILoginCarLoan" finished-at="2023-09-14T11:52:46 IST" duration-ms="1" status="PASS">
          <reporter-output>
          </reporter-output>
        </test-method> <!-- APILoginCarLoan -->
      </class> <!-- com.javatpoint.Car_loan -->
    </test> <!-- Car Loan -->
  </suite> <!-- test_suite -->
</testng-results>
