<?xml version="1.0" encoding="UTF-8"?>
<testng-results ignored="0" total="2" passed="1" failed="1" skipped="0">
  <reporter-output>
  </reporter-output>
  <suite started-at="2022-10-11T12:26:04 IST" name="Suite" finished-at="2022-10-11T12:26:47 IST" duration-ms="42150">
    <groups>
      <group name="Chrome">
        <method signature="AppTest.LaunchChrome()[pri:0, instance:test.AppTest@76508ed1]" name="LaunchChrome" class="test.AppTest"/>
        <method signature="AppTest.f()[pri:0, instance:test.AppTest@76508ed1]" name="f" class="test.AppTest"/>
      </group> <!-- Chrome -->
    </groups>
    <test started-at="2022-10-11T12:26:04 IST" name="Test" finished-at="2022-10-11T12:26:47 IST" duration-ms="42150">
      <class name="test.AppTest">
        <test-method signature="LaunchChrome()[pri:0, instance:test.AppTest@76508ed1]" started-at="2022-10-11T12:26:04 IST" name="LaunchChrome" finished-at="2022-10-11T12:26:06 IST" duration-ms="2016" status="PASS">
          <reporter-output>
          </reporter-output>
        </test-method> <!-- LaunchChrome -->
        <test-method signature="f()[pri:0, instance:test.AppTest@76508ed1]" started-at="2022-10-11T12:26:06 IST" name="f" finished-at="2022-10-11T12:26:47 IST" depends-on-methods="test.AppTest.LaunchChrome" duration-ms="40098" status="FAIL">
          <exception class="org.openqa.selenium.StaleElementReferenceException">
            <message>
              <![CDATA[stale element reference: element is not attached to the page document
  (Session info: chrome=105.0.5195.127)
For documentation on this error, please visit: https://selenium.dev/exceptions/#stale_element_reference
Build info: version: '4.4.0', revision: 'e5c75ed026a'
System info: host: 'LAPTOP-V15DHDLV', ip: '192.168.55.103', os.name: 'Windows 10', os.arch: 'amd64', os.version: '10.0', java.version: '16.0.1'
Driver info: org.openqa.selenium.chrome.ChromeDriver
Command: [835384c76b059205ff2cedfd18ecb39f, executeScript {script=return arguments[0].complete && typeof arguments[0].naturalWidth != "undefined" && arguments[0].naturalWidth > 0, args=[{ELEMENT=5b79e3f5-74b0-49c4-a405-334fd3e78a6b, element-6066-11e4-a52e-4f735466cecf=5b79e3f5-74b0-49c4-a405-334fd3e78a6b}]}]
Capabilities {acceptInsecureCerts: false, browserName: chrome, browserVersion: 105.0.5195.127, chrome: {chromedriverVersion: 105.0.5195.52 (412c95e51883..., userDataDir: C:\Users\saikumar\AppData\L...}, goog:chromeOptions: {debuggerAddress: localhost:58092}, networkConnectionEnabled: false, pageLoadStrategy: normal, platformName: WINDOWS, proxy: Proxy(), se:cdp: ws://localhost:58092/devtoo..., se:cdpVersion: 105.0.5195.127, setWindowRect: true, strictFileInteractability: false, timeouts: {implicit: 0, pageLoad: 300000, script: 30000}, unhandledPromptBehavior: dismiss and notify, webauthn:extension:credBlob: true, webauthn:extension:largeBlob: true, webauthn:virtualAuthenticators: true}
Session ID: 835384c76b059205ff2cedfd18ecb39f]]>
            </message>
            <full-stacktrace>
              <![CDATA[org.openqa.selenium.StaleElementReferenceException: stale element reference: element is not attached to the page document
  (Session info: chrome=105.0.5195.127)
For documentation on this error, please visit: https://selenium.dev/exceptions/#stale_element_reference
Build info: version: '4.4.0', revision: 'e5c75ed026a'
System info: host: 'LAPTOP-V15DHDLV', ip: '192.168.55.103', os.name: 'Windows 10', os.arch: 'amd64', os.version: '10.0', java.version: '16.0.1'
Driver info: org.openqa.selenium.chrome.ChromeDriver
Command: [835384c76b059205ff2cedfd18ecb39f, executeScript {script=return arguments[0].complete && typeof arguments[0].naturalWidth != "undefined" && arguments[0].naturalWidth > 0, args=[{ELEMENT=5b79e3f5-74b0-49c4-a405-334fd3e78a6b, element-6066-11e4-a52e-4f735466cecf=5b79e3f5-74b0-49c4-a405-334fd3e78a6b}]}]
Capabilities {acceptInsecureCerts: false, browserName: chrome, browserVersion: 105.0.5195.127, chrome: {chromedriverVersion: 105.0.5195.52 (412c95e51883..., userDataDir: C:\Users\saikumar\AppData\L...}, goog:chromeOptions: {debuggerAddress: localhost:58092}, networkConnectionEnabled: false, pageLoadStrategy: normal, platformName: WINDOWS, proxy: Proxy(), se:cdp: ws://localhost:58092/devtoo..., se:cdpVersion: 105.0.5195.127, setWindowRect: true, strictFileInteractability: false, timeouts: {implicit: 0, pageLoad: 300000, script: 30000}, unhandledPromptBehavior: dismiss and notify, webauthn:extension:credBlob: true, webauthn:extension:largeBlob: true, webauthn:virtualAuthenticators: true}
Session ID: 835384c76b059205ff2cedfd18ecb39f
at java.base/jdk.internal.reflect.NativeConstructorAccessorImpl.newInstance0(Native Method)
at java.base/jdk.internal.reflect.NativeConstructorAccessorImpl.newInstance(NativeConstructorAccessorImpl.java:78)
at java.base/jdk.internal.reflect.DelegatingConstructorAccessorImpl.newInstance(DelegatingConstructorAccessorImpl.java:45)
at java.base/java.lang.reflect.Constructor.newInstanceWithCaller(Constructor.java:499)
at java.base/java.lang.reflect.Constructor.newInstance(Constructor.java:480)
at org.openqa.selenium.remote.codec.w3c.W3CHttpResponseCodec.createException(W3CHttpResponseCodec.java:200)
at org.openqa.selenium.remote.codec.w3c.W3CHttpResponseCodec.decode(W3CHttpResponseCodec.java:133)
at org.openqa.selenium.remote.codec.w3c.W3CHttpResponseCodec.decode(W3CHttpResponseCodec.java:53)
at org.openqa.selenium.remote.HttpCommandExecutor.execute(HttpCommandExecutor.java:184)
at org.openqa.selenium.remote.service.DriverCommandExecutor.invokeExecute(DriverCommandExecutor.java:167)
at org.openqa.selenium.remote.service.DriverCommandExecutor.execute(DriverCommandExecutor.java:142)
at org.openqa.selenium.remote.RemoteWebDriver.execute(RemoteWebDriver.java:547)
at org.openqa.selenium.remote.RemoteWebDriver.executeScript(RemoteWebDriver.java:481)
at test.AppTest.f(AppTest.java:42)
at java.base/jdk.internal.reflect.NativeMethodAccessorImpl.invoke0(Native Method)
at java.base/jdk.internal.reflect.NativeMethodAccessorImpl.invoke(NativeMethodAccessorImpl.java:78)
at java.base/jdk.internal.reflect.DelegatingMethodAccessorImpl.invoke(DelegatingMethodAccessorImpl.java:43)
at java.base/java.lang.reflect.Method.invoke(Method.java:567)
at org.testng.internal.MethodInvocationHelper.invokeMethod(MethodInvocationHelper.java:133)
at org.testng.internal.TestInvoker.invokeMethod(TestInvoker.java:598)
at org.testng.internal.TestInvoker.invokeTestMethod(TestInvoker.java:173)
at org.testng.internal.MethodRunner.runInSequence(MethodRunner.java:46)
at org.testng.internal.TestInvoker$MethodInvocationAgent.invoke(TestInvoker.java:824)
at org.testng.internal.TestInvoker.invokeTestMethods(TestInvoker.java:146)
at org.testng.internal.TestMethodWorker.invokeTestMethods(TestMethodWorker.java:146)
at org.testng.internal.TestMethodWorker.run(TestMethodWorker.java:128)
at java.base/java.util.ArrayList.forEach(ArrayList.java:1511)
at org.testng.TestRunner.privateRun(TestRunner.java:794)
at org.testng.TestRunner.run(TestRunner.java:596)
at org.testng.SuiteRunner.runTest(SuiteRunner.java:377)
at org.testng.SuiteRunner.runSequentially(SuiteRunner.java:371)
at org.testng.SuiteRunner.privateRun(SuiteRunner.java:332)
at org.testng.SuiteRunner.run(SuiteRunner.java:276)
at org.testng.SuiteRunnerWorker.runSuite(SuiteRunnerWorker.java:53)
at org.testng.SuiteRunnerWorker.run(SuiteRunnerWorker.java:96)
at org.testng.TestNG.runSuitesSequentially(TestNG.java:1212)
at org.testng.TestNG.runSuitesLocally(TestNG.java:1134)
at org.testng.TestNG.runSuites(TestNG.java:1063)
at org.testng.TestNG.run(TestNG.java:1031)
at org.testng.remote.AbstractRemoteTestNG.run(AbstractRemoteTestNG.java:115)
at org.testng.remote.RemoteTestNG.initAndRun(RemoteTestNG.java:251)
at org.testng.remote.RemoteTestNG.main(RemoteTestNG.java:77)
]]>
            </full-stacktrace>
          </exception> <!-- org.openqa.selenium.StaleElementReferenceException -->
          <reporter-output>
          </reporter-output>
        </test-method> <!-- f -->
      </class> <!-- test.AppTest -->
    </test> <!-- Test -->
  </suite> <!-- Suite -->
</testng-results>
