<?xml version="1.0" encoding="UTF-8"?>
<!-- Generated by org.testng.reporters.JUnitXMLReporter -->
<testsuite ignored="0" hostname="LAPTOP-V15DHDLV" failures="3" tests="3" name="Test" time="0.095" errors="0" timestamp="2023-09-14T09:48:11 IST">
  <testcase classname="test.AppTest" name="register" time="0.045">
    <failure type="java.lang.IllegalStateException" message="The driver executable must exist: C:\Users\saikumar\Downloads\chromedriver_win32\chromedriver.exe">
      <![CDATA[java.lang.IllegalStateException: The driver executable must exist: C:\Users\saikumar\Downloads\chromedriver_win32\chromedriver.exe
at org.openqa.selenium.internal.Require$FileStateChecker.isFile(Require.java:342)
at org.openqa.selenium.remote.service.DriverService.checkExecutable(DriverService.java:147)
at org.openqa.selenium.remote.service.DriverService.findExecutable(DriverService.java:142)
at org.openqa.selenium.chrome.ChromeDriverService.access$000(ChromeDriverService.java:38)
at org.openqa.selenium.chrome.ChromeDriverService$Builder.findDefaultExecutable(ChromeDriverService.java:231)
at org.openqa.selenium.remote.service.DriverService$Builder.build(DriverService.java:437)
at org.openqa.selenium.chrome.ChromeDriverService.createDefaultService(ChromeDriverService.java:127)
at org.openqa.selenium.chrome.ChromeDriver.<init>(ChromeDriver.java:48)
at test.AppTest.register(AppTest.java:20)
at java.base/java.util.ArrayList.forEach(ArrayList.java:1511)
... Removed 27 stack frames]]>
    </failure>
  </testcase> <!-- register -->
  <testcase classname="test.AppTest" name="login" time="0.005">
    <failure type="java.lang.IllegalStateException" message="The driver executable must exist: C:\Users\saikumar\Downloads\chromedriver_win32\chromedriver.exe">
      <![CDATA[java.lang.IllegalStateException: The driver executable must exist: C:\Users\saikumar\Downloads\chromedriver_win32\chromedriver.exe
at org.openqa.selenium.internal.Require$FileStateChecker.isFile(Require.java:342)
at org.openqa.selenium.remote.service.DriverService.checkExecutable(DriverService.java:147)
at org.openqa.selenium.remote.service.DriverService.findExecutable(DriverService.java:142)
at org.openqa.selenium.chrome.ChromeDriverService.access$000(ChromeDriverService.java:38)
at org.openqa.selenium.chrome.ChromeDriverService$Builder.findDefaultExecutable(ChromeDriverService.java:231)
at org.openqa.selenium.remote.service.DriverService$Builder.build(DriverService.java:437)
at org.openqa.selenium.chrome.ChromeDriverService.createDefaultService(ChromeDriverService.java:127)
at org.openqa.selenium.chrome.ChromeDriver.<init>(ChromeDriver.java:48)
at test.AppTest.login(AppTest.java:38)
at java.base/java.util.ArrayList.forEach(ArrayList.java:1511)
... Removed 27 stack frames]]>
    </failure>
  </testcase> <!-- login -->
  <testcase classname="test.AppTest" name="addToCart" time="0.006">
    <failure type="java.lang.IllegalStateException" message="The driver executable must exist: C:\Users\saikumar\Downloads\chromedriver_win32\chromedriver.exe">
      <![CDATA[java.lang.IllegalStateException: The driver executable must exist: C:\Users\saikumar\Downloads\chromedriver_win32\chromedriver.exe
at org.openqa.selenium.internal.Require$FileStateChecker.isFile(Require.java:342)
at org.openqa.selenium.remote.service.DriverService.checkExecutable(DriverService.java:147)
at org.openqa.selenium.remote.service.DriverService.findExecutable(DriverService.java:142)
at org.openqa.selenium.chrome.ChromeDriverService.access$000(ChromeDriverService.java:38)
at org.openqa.selenium.chrome.ChromeDriverService$Builder.findDefaultExecutable(ChromeDriverService.java:231)
at org.openqa.selenium.remote.service.DriverService$Builder.build(DriverService.java:437)
at org.openqa.selenium.chrome.ChromeDriverService.createDefaultService(ChromeDriverService.java:127)
at org.openqa.selenium.chrome.ChromeDriver.<init>(ChromeDriver.java:48)
at test.AppTest.addToCart(AppTest.java:50)
at java.base/java.util.ArrayList.forEach(ArrayList.java:1511)
... Removed 27 stack frames]]>
    </failure>
  </testcase> <!-- addToCart -->
</testsuite> <!-- Test -->
