<?xml version="1.0" encoding="UTF-8"?>
<testng-results ignored="0" total="3" passed="3" failed="0" skipped="0">
  <reporter-output>
  </reporter-output>
  <suite started-at="2023-09-14T09:37:07 IST" name="Suite" finished-at="2023-09-14T09:37:07 IST" duration-ms="61">
    <groups>
      <group name="Smoke">
        <method signature="HomeLoanApplicationTests.APIHomeLoan()[pri:0, instance:loanapplications.HomeLoanApplicationTests@1d119efb]" name="APIHomeLoan" class="loanapplications.HomeLoanApplicationTests"/>
      </group> <!-- Smoke -->
    </groups>
    <test started-at="2023-09-14T09:37:07 IST" name="HomeLoanTests" finished-at="2023-09-14T09:37:07 IST" duration-ms="61">
      <class name="loanapplications.HomeLoanApplicationTests">
        <test-method is-config="true" signature="startDatabase()[pri:0, instance:loanapplications.HomeLoanApplicationTests@1d119efb]" started-at="2023-09-14T09:37:07 IST" name="startDatabase" finished-at="2023-09-14T09:37:07 IST" duration-ms="10" status="PASS">
          <reporter-output>
          </reporter-output>
        </test-method> <!-- startDatabase -->
        <test-method is-config="true" signature="setupTestData()[pri:0, instance:loanapplications.HomeLoanApplicationTests@1d119efb]" started-at="2023-09-14T09:37:07 IST" name="setupTestData" finished-at="2023-09-14T09:37:07 IST" duration-ms="1" status="PASS">
          <reporter-output>
          </reporter-output>
        </test-method> <!-- setupTestData -->
        <test-method is-config="true" signature="dosomething()[pri:0, instance:loanapplications.HomeLoanApplicationTests@1d119efb]" started-at="2023-09-14T09:37:07 IST" name="dosomething" finished-at="2023-09-14T09:37:07 IST" duration-ms="1" status="PASS">
          <reporter-output>
          </reporter-output>
        </test-method> <!-- dosomething -->
        <test-method signature="APIHomeLoan()[pri:0, instance:loanapplications.HomeLoanApplicationTests@1d119efb]" started-at="2023-09-14T09:37:07 IST" name="APIHomeLoan" finished-at="2023-09-14T09:37:07 IST" duration-ms="8" status="PASS">
          <reporter-output>
          </reporter-output>
        </test-method> <!-- APIHomeLoan -->
        <test-method is-config="true" signature="dosomething()[pri:0, instance:loanapplications.HomeLoanApplicationTests@1d119efb]" started-at="2023-09-14T09:37:07 IST" name="dosomething" finished-at="2023-09-14T09:37:07 IST" duration-ms="1" status="PASS">
          <reporter-output>
          </reporter-output>
        </test-method> <!-- dosomething -->
        <test-method signature="MobileHomeLoan()[pri:0, instance:loanapplications.HomeLoanApplicationTests@1d119efb]" started-at="2023-09-14T09:37:07 IST" name="MobileHomeLoan" finished-at="2023-09-14T09:37:07 IST" duration-ms="3" status="PASS">
          <reporter-output>
          </reporter-output>
        </test-method> <!-- MobileHomeLoan -->
        <test-method is-config="true" signature="dosomething()[pri:0, instance:loanapplications.HomeLoanApplicationTests@1d119efb]" started-at="2023-09-14T09:37:07 IST" name="dosomething" finished-at="2023-09-14T09:37:07 IST" duration-ms="0" status="PASS">
          <reporter-output>
          </reporter-output>
        </test-method> <!-- dosomething -->
        <test-method signature="WebHomeLoan()[pri:0, instance:loanapplications.HomeLoanApplicationTests@1d119efb]" started-at="2023-09-14T09:37:07 IST" name="WebHomeLoan" finished-at="2023-09-14T09:37:07 IST" duration-ms="2" status="PASS">
          <reporter-output>
          </reporter-output>
        </test-method> <!-- WebHomeLoan -->
        <test-method is-config="true" signature="cleanupTestData()[pri:0, instance:loanapplications.HomeLoanApplicationTests@1d119efb]" started-at="2023-09-14T09:37:07 IST" name="cleanupTestData" finished-at="2023-09-14T09:37:07 IST" duration-ms="0" status="PASS">
          <reporter-output>
          </reporter-output>
        </test-method> <!-- cleanupTestData -->
      </class> <!-- loanapplications.HomeLoanApplicationTests -->
    </test> <!-- HomeLoanTests -->
  </suite> <!-- Suite -->
</testng-results>
