<?xml version="1.0" encoding="UTF-8"?>
<!-- Generated by org.testng.reporters.JUnitXMLReporter -->
<testsuite ignored="0" hostname="LAPTOP-V15DHDLV" failures="0" tests="3" name="HomeLoanTests" time="0.061" errors="0" timestamp="2023-09-14T09:37:07 IST">
  <testcase classname="loanapplications.HomeLoanApplicationTests" name="APIHomeLoan" time="0.008"/>
  <testcase classname="loanapplications.HomeLoanApplicationTests" name="MobileHomeLoan" time="0.003"/>
  <testcase classname="loanapplications.HomeLoanApplicationTests" name="WebHomeLoan" time="0.002"/>
</testsuite> <!-- HomeLoanTests -->
