<?xml version="1.0" encoding="UTF-8"?>
<!-- Generated by org.testng.reporters.JUnitXMLReporter -->
<testsuite ignored="0" hostname="LAPTOP-V15DHDLV" failures="0" tests="3" name="SmokeTests" time="0.053" errors="0" timestamp="2022-09-28T11:07:02 IST">
  <testcase classname="testpkg.ParamTest" name="applyForLoan" time="0.005"/>
  <testcase classname="testpkg.ParamTest" name="applyForLoan" time="0.001"/>
  <testcase classname="testpkg.ParamTest" name="applyForLoan" time="0.001"/>
</testsuite> <!-- SmokeTests -->
