<?xml version="1.0" encoding="UTF-8"?>
<!-- Generated by org.testng.reporters.JUnitXMLReporter -->
<testsuite ignored="0" hostname="LAPTOP-V15DHDLV" failures="0" tests="8" name="Test" time="0.069" errors="0" timestamp="2022-09-27T21:37:21 IST">
  <testcase classname="testpkg.sample1" name="demo" time="0.013"/>
  <testcase classname="testpkg.sample2" name="demo2" time="0.0"/>
  <testcase classname="loanapplications.CarLoanApplicationTests" name="CarLoanLoginAPI" time="0.001"/>
  <testcase classname="loanapplications.CarLoanApplicationTests" name="CarLoanLoginMobile" time="0.0"/>
  <testcase classname="loanapplications.CarLoanApplicationTests" name="CarLoanLoginWeb" time="0.001"/>
  <testcase classname="loanapplications.HomeLoanApplicationTests" name="CarLoanLoginAPI" time="0.0"/>
  <testcase classname="loanapplications.HomeLoanApplicationTests" name="CarLoanLoginMobile" time="0.001"/>
  <testcase classname="loanapplications.HomeLoanApplicationTests" name="CarLoanLoginWeb" time="0.001"/>
</testsuite> <!-- Test -->
