<?xml version="1.0" encoding="UTF-8"?>
<!-- Generated by org.testng.reporters.JUnitXMLReporter -->
<testsuite ignored="0" hostname="LAPTOP-V15DHDLV" failures="0" tests="4" name="Test" time="63.83" errors="0" timestamp="2022-10-11T21:33:10 IST">
  <testcase classname="test.AppTest" name="LaunchChrome" time="2.021"/>
  <testcase classname="test.AppTest" name="LaunchEdge" time="2.006"/>
  <testcase classname="test.AppTest" name="Chrome" time="30.405"/>
  <testcase classname="test.AppTest" name="Edge" time="29.356"/>
</testsuite> <!-- Test -->
